

Microchip MPLAB XC8 Assembler V2.31 build 20201012212115 
                                                                                               Sat Apr 17 21:40:51 2021

Microchip MPLAB XC8 C Compiler v2.31 (Free license) build 20201012212115 Og1 
     1                           	processor	16F887
     2                           	pagewidth 120
     3                           	opt	flic
     4                           	psect	nvCOMMON,global,class=COMMON,space=1,delta=1,noexec
     5                           	psect	cinit,global,class=CODE,merge=1,delta=2
     6                           	psect	cstackCOMMON,global,class=COMMON,space=1,delta=1,noexec
     7                           	psect	cstackBANK0,global,class=BANK0,space=1,delta=1,noexec
     8                           	psect	maintext,global,class=CODE,split=1,delta=2
     9                           	psect	text1,local,class=CODE,merge=1,delta=2
    10                           	psect	text2,local,class=CODE,merge=1,delta=2
    11                           	psect	text3,local,class=CODE,merge=1,delta=2
    12                           	psect	text4,local,class=CODE,merge=1,delta=2,group=1
    13                           	psect	text5,local,class=CODE,merge=1,delta=2,group=1
    14                           	psect	text6,local,class=CODE,merge=1,delta=2
    15                           	psect	intentry,global,class=CODE,delta=2
    16                           	psect	config,global,abs,ovrld,class=CONFIG,space=4,delta=2,noexec
    17                           	dabs	1,0x7E,2
    18  0000                     
    19                           ; Version 2.20
    20                           ; Generated 12/02/2020 GMT
    21                           ; 
    22                           ; Copyright © 2020, Microchip Technology Inc. and its subsidiaries ("Microchip")
    23                           ; All rights reserved.
    24                           ; 
    25                           ; This software is developed by Microchip Technology Inc. and its subsidiaries ("Microch
      +                          ip").
    26                           ; 
    27                           ; Redistribution and use in source and binary forms, with or without modification, are
    28                           ; permitted provided that the following conditions are met:
    29                           ; 
    30                           ;     1. Redistributions of source code must retain the above copyright notice, this lis
      +                          t of
    31                           ;        conditions and the following disclaimer.
    32                           ; 
    33                           ;     2. Redistributions in binary form must reproduce the above copyright notice, this 
      +                          list
    34                           ;        of conditions and the following disclaimer in the documentation and/or other
    35                           ;        materials provided with the distribution.
    36                           ; 
    37                           ;     3. Microchip's name may not be used to endorse or promote products derived from th
      +                          is
    38                           ;        software without specific prior written permission.
    39                           ; 
    40                           ; THIS SOFTWARE IS PROVIDED BY MICROCHIP "AS IS" AND ANY EXPRESS OR IMPLIED WARRANTIES,
    41                           ; INCLUDING, BUT NOT LIMITED TO, THE IMPLIED WARRANTIES OF MERCHANTABILITY AND FITNESS F
      +                          OR
    42                           ; PURPOSE ARE DISCLAIMED.  IN NO EVENT SHALL MICROCHIP BE LIABLE FOR ANY DIRECT, INDIREC
      +                          T,
    43                           ; INCIDENTAL, SPECIAL, EXEMPLARY, OR CONSEQUENTIAL DAMAGES (INCLUDING BUT NOT LIMITED TO
    44                           ; PROCUREMENT OF SUBSTITUTE GOODS OR SERVICES; LOSS OF USE, DATA OR PROFITS; OR BUSINESS
    45                           ; INTERRUPTION) HOWSOEVER CAUSED AND ON ANY THEORY OF LIABILITY, WHETHER IN CONTRACT, ST
      +                          RICT
    46                           ; LIABILITY, OR TORT (INCLUDING NEGLIGENCE OR OTHERWISE) ARISING IN ANY WAY OUT OF THE U
      +                          SE OF
    47                           ; THIS SOFTWARE, EVEN IF ADVISED OF THE POSSIBILITY OF SUCH DAMAGE.
    48                           ; 
    49                           ; 
    50                           ; Code-generator required, PIC16F887 Definitions
    51                           ; 
    52                           ; SFR Addresses
    53  0000                     	;# 
    54  0001                     	;# 
    55  0002                     	;# 
    56  0003                     	;# 
    57  0004                     	;# 
    58  0005                     	;# 
    59  0006                     	;# 
    60  0007                     	;# 
    61  0008                     	;# 
    62  0009                     	;# 
    63  000A                     	;# 
    64  000B                     	;# 
    65  000C                     	;# 
    66  000D                     	;# 
    67  000E                     	;# 
    68  000E                     	;# 
    69  000F                     	;# 
    70  0010                     	;# 
    71  0011                     	;# 
    72  0012                     	;# 
    73  0013                     	;# 
    74  0014                     	;# 
    75  0015                     	;# 
    76  0015                     	;# 
    77  0016                     	;# 
    78  0017                     	;# 
    79  0018                     	;# 
    80  0019                     	;# 
    81  001A                     	;# 
    82  001B                     	;# 
    83  001B                     	;# 
    84  001C                     	;# 
    85  001D                     	;# 
    86  001E                     	;# 
    87  001F                     	;# 
    88  0081                     	;# 
    89  0085                     	;# 
    90  0086                     	;# 
    91  0087                     	;# 
    92  0088                     	;# 
    93  0089                     	;# 
    94  008C                     	;# 
    95  008D                     	;# 
    96  008E                     	;# 
    97  008F                     	;# 
    98  0090                     	;# 
    99  0091                     	;# 
   100  0092                     	;# 
   101  0093                     	;# 
   102  0093                     	;# 
   103  0093                     	;# 
   104  0094                     	;# 
   105  0095                     	;# 
   106  0096                     	;# 
   107  0097                     	;# 
   108  0098                     	;# 
   109  0099                     	;# 
   110  009A                     	;# 
   111  009B                     	;# 
   112  009C                     	;# 
   113  009D                     	;# 
   114  009E                     	;# 
   115  009F                     	;# 
   116  0105                     	;# 
   117  0107                     	;# 
   118  0108                     	;# 
   119  0109                     	;# 
   120  010C                     	;# 
   121  010C                     	;# 
   122  010D                     	;# 
   123  010E                     	;# 
   124  010F                     	;# 
   125  0185                     	;# 
   126  0187                     	;# 
   127  0188                     	;# 
   128  0189                     	;# 
   129  018C                     	;# 
   130  018D                     	;# 
   131  0000                     	;# 
   132  0001                     	;# 
   133  0002                     	;# 
   134  0003                     	;# 
   135  0004                     	;# 
   136  0005                     	;# 
   137  0006                     	;# 
   138  0007                     	;# 
   139  0008                     	;# 
   140  0009                     	;# 
   141  000A                     	;# 
   142  000B                     	;# 
   143  000C                     	;# 
   144  000D                     	;# 
   145  000E                     	;# 
   146  000E                     	;# 
   147  000F                     	;# 
   148  0010                     	;# 
   149  0011                     	;# 
   150  0012                     	;# 
   151  0013                     	;# 
   152  0014                     	;# 
   153  0015                     	;# 
   154  0015                     	;# 
   155  0016                     	;# 
   156  0017                     	;# 
   157  0018                     	;# 
   158  0019                     	;# 
   159  001A                     	;# 
   160  001B                     	;# 
   161  001B                     	;# 
   162  001C                     	;# 
   163  001D                     	;# 
   164  001E                     	;# 
   165  001F                     	;# 
   166  0081                     	;# 
   167  0085                     	;# 
   168  0086                     	;# 
   169  0087                     	;# 
   170  0088                     	;# 
   171  0089                     	;# 
   172  008C                     	;# 
   173  008D                     	;# 
   174  008E                     	;# 
   175  008F                     	;# 
   176  0090                     	;# 
   177  0091                     	;# 
   178  0092                     	;# 
   179  0093                     	;# 
   180  0093                     	;# 
   181  0093                     	;# 
   182  0094                     	;# 
   183  0095                     	;# 
   184  0096                     	;# 
   185  0097                     	;# 
   186  0098                     	;# 
   187  0099                     	;# 
   188  009A                     	;# 
   189  009B                     	;# 
   190  009C                     	;# 
   191  009D                     	;# 
   192  009E                     	;# 
   193  009F                     	;# 
   194  0105                     	;# 
   195  0107                     	;# 
   196  0108                     	;# 
   197  0109                     	;# 
   198  010C                     	;# 
   199  010C                     	;# 
   200  010D                     	;# 
   201  010E                     	;# 
   202  010F                     	;# 
   203  0185                     	;# 
   204  0187                     	;# 
   205  0188                     	;# 
   206  0189                     	;# 
   207  018C                     	;# 
   208  018D                     	;# 
   209                           
   210                           	psect	nvCOMMON
   211  0075                     __pnvCOMMON:
   212  0075                     _Unidad:
   213  0075                     	ds	1
   214  0076                     _Decena:
   215  0076                     	ds	1
   216  0077                     _Centena:
   217  0077                     	ds	1
   218  0078                     _muxeo:
   219  0078                     	ds	1
   220  000B                     _INTCONbits	set	11
   221  0006                     _PORTB	set	6
   222  0009                     _PORTE	set	9
   223  0007                     _PORTC	set	7
   224  0008                     _PORTD	set	8
   225  0001                     _TMR0	set	1
   226  0031                     _RB1	set	49
   227  0030                     _RB0	set	48
   228  0058                     _RBIF	set	88
   229  005A                     _T0IF	set	90
   230  0095                     _WPUB	set	149
   231  0096                     _IOCB	set	150
   232  0081                     _OPTION_REGbits	set	129
   233  0089                     _TRISE	set	137
   234  0088                     _TRISD	set	136
   235  0086                     _TRISB	set	134
   236  0087                     _TRISC	set	135
   237  008F                     _OSCCONbits	set	143
   238  0189                     _ANSELH	set	393
   239  0188                     _ANSEL	set	392
   240                           
   241                           	psect	cinit
   242  0011                     start_initialization:	
   243                           ; #config settings
   244                           
   245  0011                     __initialization:
   246  0011                     end_of_initialization:	
   247                           ;End of C runtime variable initialization code
   248                           
   249  0011                     __end_of__initialization:
   250  0011  0183               	clrf	3
   251  0012  120A  118A  28D9   	ljmp	_main	;jump to C main() function
   252                           
   253                           	psect	cstackCOMMON
   254  0070                     __pcstackCOMMON:
   255  0070                     ?_setup:
   256  0070                     ?_Decimales:	
   257                           ; 1 bytes @ 0x0
   258                           
   259  0070                     ?_isr:	
   260                           ; 1 bytes @ 0x0
   261                           
   262  0070                     ??_isr:	
   263                           ; 1 bytes @ 0x0
   264                           
   265  0070                     ?_main:	
   266                           ; 1 bytes @ 0x0
   267                           
   268                           
   269                           ; 1 bytes @ 0x0
   270  0070                     	ds	5
   271  0075                     ??_setup:
   272  0075                     ??_Display:	
   273                           ; 1 bytes @ 0x5
   274                           
   275                           
   276                           	psect	cstackBANK0
   277  0020                     __pcstackBANK0:	
   278                           ; 1 bytes @ 0x5
   279                           
   280  0020                     ?_Display:
   281  0020                     ?___awdiv:	
   282                           ; 2 bytes @ 0x0
   283                           
   284  0020                     ?___awmod:	
   285                           ; 2 bytes @ 0x0
   286                           
   287  0020                     Display@Numero:	
   288                           ; 2 bytes @ 0x0
   289                           
   290  0020                     ___awdiv@divisor:	
   291                           ; 2 bytes @ 0x0
   292                           
   293  0020                     ___awmod@divisor:	
   294                           ; 2 bytes @ 0x0
   295                           
   296                           
   297                           ; 2 bytes @ 0x0
   298  0020                     	ds	2
   299  0022                     ___awdiv@dividend:
   300  0022                     ___awmod@dividend:	
   301                           ; 2 bytes @ 0x2
   302                           
   303                           
   304                           ; 2 bytes @ 0x2
   305  0022                     	ds	2
   306  0024                     ??___awdiv:
   307  0024                     ??___awmod:	
   308                           ; 1 bytes @ 0x4
   309                           
   310                           
   311                           ; 1 bytes @ 0x4
   312  0024                     	ds	1
   313  0025                     ___awdiv@counter:
   314  0025                     ___awmod@counter:	
   315                           ; 1 bytes @ 0x5
   316                           
   317                           
   318                           ; 1 bytes @ 0x5
   319  0025                     	ds	1
   320  0026                     ___awdiv@sign:
   321  0026                     ___awmod@sign:	
   322                           ; 1 bytes @ 0x6
   323                           
   324                           
   325                           ; 1 bytes @ 0x6
   326  0026                     	ds	1
   327  0027                     ___awdiv@quotient:
   328                           
   329                           ; 2 bytes @ 0x7
   330  0027                     	ds	2
   331  0029                     ??_Decimales:
   332                           
   333                           ; 1 bytes @ 0x9
   334  0029                     	ds	3
   335  002C                     Decimales@Temporal:
   336                           
   337                           ; 2 bytes @ 0xC
   338  002C                     	ds	2
   339  002E                     ??_main:
   340                           
   341                           ; 1 bytes @ 0xE
   342  002E                     	ds	2
   343                           
   344                           	psect	maintext
   345  00D9                     __pmaintext:	
   346 ;;
   347 ;;Main: autosize = 0, tempsize = 2, incstack = 0, save=0
   348 ;;
   349 ;; *************** function _main *****************
   350 ;; Defined at:
   351 ;;		line 78 in file "Laboratorio71.c"
   352 ;; Parameters:    Size  Location     Type
   353 ;;		None
   354 ;; Auto vars:     Size  Location     Type
   355 ;;		None
   356 ;; Return value:  Size  Location     Type
   357 ;;                  1    wreg      void 
   358 ;; Registers used:
   359 ;;		wreg, fsr0l, fsr0h, status,2, status,0, pclath, cstack
   360 ;; Tracked objects:
   361 ;;		On entry : B00/0
   362 ;;		On exit  : 0/0
   363 ;;		Unchanged: 0/0
   364 ;; Data sizes:     COMMON   BANK0   BANK1   BANK3   BANK2
   365 ;;      Params:         0       0       0       0       0
   366 ;;      Locals:         0       0       0       0       0
   367 ;;      Temps:          0       2       0       0       0
   368 ;;      Totals:         0       2       0       0       0
   369 ;;Total ram usage:        2 bytes
   370 ;; Hardware stack levels required when called:    3
   371 ;; This function calls:
   372 ;;		_Decimales
   373 ;;		_Display
   374 ;;		_setup
   375 ;; This function is called by:
   376 ;;		Startup code after reset
   377 ;; This function uses a non-reentrant model
   378 ;;
   379                           
   380                           
   381                           ;psect for function _main
   382  00D9                     _main:
   383  00D9                     l1284:	
   384                           ;incstack = 0
   385                           ; Regs used in _main: [wreg-fsr0h+status,2+status,0+pclath+cstack]
   386                           
   387                           
   388                           ;Laboratorio71.c: 80: setup();
   389  00D9  120A  118A  220F  120A  118A  	fcall	_setup
   390  00DE                     l1286:
   391                           
   392                           ;Laboratorio71.c: 82: muxeo = 0x01;
   393  00DE  01F8               	clrf	_muxeo
   394  00DF  0AF8               	incf	_muxeo,f
   395  00E0                     l73:	
   396                           ;Laboratorio71.c: 83: while(1)
   397                           
   398                           
   399                           ;Laboratorio71.c: 84: {;Laboratorio71.c: 85: Decimales();
   400  00E0  120A  118A  212E  120A  118A  	fcall	_Decimales
   401                           
   402                           ;Laboratorio71.c: 87: switch(muxeo){
   403  00E5  2916               	goto	l1308
   404  00E6                     l1288:
   405                           
   406                           ;Laboratorio71.c: 89:         PORTC = 0;
   407  00E6  0187               	clrf	7	;volatile
   408  00E7                     l1290:
   409                           
   410                           ;Laboratorio71.c: 90:         PORTE = 0x01;
   411  00E7  3001               	movlw	1
   412  00E8  0089               	movwf	9	;volatile
   413  00E9                     l1292:
   414                           
   415                           ;Laboratorio71.c: 91:         Display(Centena);
   416  00E9  0877               	movf	_Centena,w
   417  00EA  00AE               	movwf	??_main
   418  00EB  01AF               	clrf	??_main+1
   419  00EC  082E               	movf	??_main,w
   420  00ED  00A0               	movwf	Display@Numero
   421  00EE  082F               	movf	??_main+1,w
   422  00EF  00A1               	movwf	Display@Numero+1
   423  00F0  120A  118A  21CB  120A  118A  	fcall	_Display
   424                           
   425                           ;Laboratorio71.c: 92:         break;
   426  00F5  28E0               	goto	l73
   427  00F6                     l1294:
   428                           
   429                           ;Laboratorio71.c: 94:         PORTC = 0;
   430  00F6  0187               	clrf	7	;volatile
   431  00F7                     l1296:
   432                           
   433                           ;Laboratorio71.c: 95:         PORTE = 0x02;
   434  00F7  3002               	movlw	2
   435  00F8  0089               	movwf	9	;volatile
   436  00F9                     l1298:
   437                           
   438                           ;Laboratorio71.c: 96:         Display(Decena);
   439  00F9  0876               	movf	_Decena,w
   440  00FA  00AE               	movwf	??_main
   441  00FB  01AF               	clrf	??_main+1
   442  00FC  082E               	movf	??_main,w
   443  00FD  00A0               	movwf	Display@Numero
   444  00FE  082F               	movf	??_main+1,w
   445  00FF  00A1               	movwf	Display@Numero+1
   446  0100  120A  118A  21CB  120A  118A  	fcall	_Display
   447                           
   448                           ;Laboratorio71.c: 97:         break;
   449  0105  28E0               	goto	l73
   450  0106                     l1300:
   451                           
   452                           ;Laboratorio71.c: 99:         PORTC = 0;
   453  0106  0187               	clrf	7	;volatile
   454  0107                     l1302:
   455                           
   456                           ;Laboratorio71.c: 100:         PORTE = 0x04;
   457  0107  3004               	movlw	4
   458  0108  0089               	movwf	9	;volatile
   459  0109                     l1304:
   460                           
   461                           ;Laboratorio71.c: 101:         Display(Unidad);
   462  0109  0875               	movf	_Unidad,w
   463  010A  00AE               	movwf	??_main
   464  010B  01AF               	clrf	??_main+1
   465  010C  082E               	movf	??_main,w
   466  010D  00A0               	movwf	Display@Numero
   467  010E  082F               	movf	??_main+1,w
   468  010F  00A1               	movwf	Display@Numero+1
   469  0110  120A  118A  21CB  120A  118A  	fcall	_Display
   470                           
   471                           ;Laboratorio71.c: 102:         break;
   472  0115  28E0               	goto	l73
   473  0116                     l1308:
   474  0116  0878               	movf	_muxeo,w
   475  0117  1283               	bcf	3,5	;RP0=0, select bank0
   476  0118  1303               	bcf	3,6	;RP1=0, select bank0
   477  0119  00AE               	movwf	??_main
   478  011A  01AF               	clrf	??_main+1
   479                           
   480                           ; Switch on 2 bytes has been partitioned into a top level switch of size 1, and 1 sub-sw
      +                          itches
   481                           ; Switch size 1, requested type "simple"
   482                           ; Number of cases is 1, Range of values is 0 to 0
   483                           ; switch strategies available:
   484                           ; Name         Instructions Cycles
   485                           ; simple_byte            4     3 (average)
   486                           ; direct_byte           11     8 (fixed)
   487                           ; jumptable            260     6 (fixed)
   488                           ;	Chosen strategy is simple_byte
   489  011B  082F               	movf	??_main+1,w
   490  011C  3A00               	xorlw	0	; case 0
   491  011D  1903               	skipnz
   492  011E  2920               	goto	l1374
   493  011F  28E0               	goto	l73
   494  0120                     l1374:
   495                           
   496                           ; Switch size 1, requested type "simple"
   497                           ; Number of cases is 3, Range of values is 1 to 4
   498                           ; switch strategies available:
   499                           ; Name         Instructions Cycles
   500                           ; simple_byte           10     6 (average)
   501                           ; direct_byte           23    11 (fixed)
   502                           ; jumptable            263     9 (fixed)
   503                           ;	Chosen strategy is simple_byte
   504  0120  082E               	movf	??_main,w
   505  0121  3A01               	xorlw	1	; case 1
   506  0122  1903               	skipnz
   507  0123  28E6               	goto	l1288
   508  0124  3A03               	xorlw	3	; case 2
   509  0125  1903               	skipnz
   510  0126  28F6               	goto	l1294
   511  0127  3A06               	xorlw	6	; case 4
   512  0128  1903               	skipnz
   513  0129  2906               	goto	l1300
   514  012A  28E0               	goto	l73
   515  012B  120A  118A  280E   	ljmp	start
   516  012E                     __end_of_main:
   517                           
   518                           	psect	text1
   519  020F                     __ptext1:	
   520 ;; *************** function _setup *****************
   521 ;; Defined at:
   522 ;;		line 107 in file "Laboratorio71.c"
   523 ;; Parameters:    Size  Location     Type
   524 ;;		None
   525 ;; Auto vars:     Size  Location     Type
   526 ;;		None
   527 ;; Return value:  Size  Location     Type
   528 ;;                  1    wreg      void 
   529 ;; Registers used:
   530 ;;		wreg, status,2
   531 ;; Tracked objects:
   532 ;;		On entry : 0/0
   533 ;;		On exit  : 0/0
   534 ;;		Unchanged: 0/0
   535 ;; Data sizes:     COMMON   BANK0   BANK1   BANK3   BANK2
   536 ;;      Params:         0       0       0       0       0
   537 ;;      Locals:         0       0       0       0       0
   538 ;;      Temps:          0       0       0       0       0
   539 ;;      Totals:         0       0       0       0       0
   540 ;;Total ram usage:        0 bytes
   541 ;; Hardware stack levels used:    1
   542 ;; Hardware stack levels required when called:    1
   543 ;; This function calls:
   544 ;;		Nothing
   545 ;; This function is called by:
   546 ;;		_main
   547 ;; This function uses a non-reentrant model
   548 ;;
   549                           
   550                           
   551                           ;psect for function _setup
   552  020F                     _setup:
   553  020F                     l776:	
   554                           ;incstack = 0
   555                           ; Regs used in _setup: [wreg+status,2]
   556                           
   557                           
   558                           ;Laboratorio71.c: 110:     OSCCONbits.SCS = 1;
   559  020F  1683               	bsf	3,5	;RP0=1, select bank1
   560  0210  1303               	bcf	3,6	;RP1=0, select bank1
   561  0211  140F               	bsf	15,0	;volatile
   562                           
   563                           ;Laboratorio71.c: 111:     OSCCONbits.IRCF2 = 0;
   564  0212  130F               	bcf	15,6	;volatile
   565                           
   566                           ;Laboratorio71.c: 112:     OSCCONbits.IRCF1 = 0;
   567  0213  128F               	bcf	15,5	;volatile
   568                           
   569                           ;Laboratorio71.c: 113:     OSCCONbits.IRCF0 = 1;
   570  0214  160F               	bsf	15,4	;volatile
   571  0215                     l778:
   572                           
   573                           ;Laboratorio71.c: 117:     PORTC = 0X00;
   574  0215  1283               	bcf	3,5	;RP0=0, select bank0
   575  0216  1303               	bcf	3,6	;RP1=0, select bank0
   576  0217  0187               	clrf	7	;volatile
   577  0218                     l780:
   578                           
   579                           ;Laboratorio71.c: 118:     PORTB = 0X03;
   580  0218  3003               	movlw	3
   581  0219  0086               	movwf	6	;volatile
   582  021A                     l782:
   583                           
   584                           ;Laboratorio71.c: 119:     PORTD = 0X00;
   585  021A  0188               	clrf	8	;volatile
   586  021B                     l784:
   587                           
   588                           ;Laboratorio71.c: 120:     PORTE = 0X00;
   589  021B  0189               	clrf	9	;volatile
   590  021C                     l786:
   591                           
   592                           ;Laboratorio71.c: 122:     ANSEL = 0X00;
   593  021C  1683               	bsf	3,5	;RP0=1, select bank3
   594  021D  1703               	bsf	3,6	;RP1=1, select bank3
   595  021E  0188               	clrf	8	;volatile
   596  021F                     l788:
   597                           
   598                           ;Laboratorio71.c: 123:     ANSELH = 0X00;
   599  021F  0189               	clrf	9	;volatile
   600  0220                     l790:
   601                           
   602                           ;Laboratorio71.c: 124:     TRISC = 0X00;
   603  0220  1683               	bsf	3,5	;RP0=1, select bank1
   604  0221  1303               	bcf	3,6	;RP1=0, select bank1
   605  0222  0187               	clrf	7	;volatile
   606                           
   607                           ;Laboratorio71.c: 125:     TRISB = 0X03;
   608  0223  3003               	movlw	3
   609  0224  0086               	movwf	6	;volatile
   610  0225                     l792:
   611                           
   612                           ;Laboratorio71.c: 126:     TRISD = 0X00;
   613  0225  0188               	clrf	8	;volatile
   614  0226                     l794:
   615                           
   616                           ;Laboratorio71.c: 127:     TRISE = 0X00;
   617  0226  0189               	clrf	9	;volatile
   618  0227                     l796:
   619                           
   620                           ;Laboratorio71.c: 130:     OPTION_REGbits.nRBPU = 0;
   621  0227  1381               	bcf	1,7	;volatile
   622                           
   623                           ;Laboratorio71.c: 131:     IOCB = 0X0F;
   624  0228  300F               	movlw	15
   625  0229  0096               	movwf	22	;volatile
   626                           
   627                           ;Laboratorio71.c: 134:     WPUB = 0X0F;
   628  022A  300F               	movlw	15
   629  022B  0095               	movwf	21	;volatile
   630  022C                     l798:
   631                           
   632                           ;Laboratorio71.c: 137:     OPTION_REGbits.T0CS = 0;
   633  022C  1281               	bcf	1,5	;volatile
   634  022D                     l800:
   635                           
   636                           ;Laboratorio71.c: 138:     OPTION_REGbits.PSA = 0;
   637  022D  1181               	bcf	1,3	;volatile
   638  022E                     l802:
   639                           
   640                           ;Laboratorio71.c: 139:     OPTION_REGbits.PS2 = 0;
   641  022E  1101               	bcf	1,2	;volatile
   642  022F                     l804:
   643                           
   644                           ;Laboratorio71.c: 140:     OPTION_REGbits.PS1 = 0;
   645  022F  1081               	bcf	1,1	;volatile
   646  0230                     l806:
   647                           
   648                           ;Laboratorio71.c: 141:     OPTION_REGbits.PS0 = 0;
   649  0230  1001               	bcf	1,0	;volatile
   650                           
   651                           ;Laboratorio71.c: 142:     TMR0 = 177;
   652  0231  30B1               	movlw	177
   653  0232  1283               	bcf	3,5	;RP0=0, select bank0
   654  0233  1303               	bcf	3,6	;RP1=0, select bank0
   655  0234  0081               	movwf	1	;volatile
   656  0235                     l808:
   657                           
   658                           ;Laboratorio71.c: 146:     INTCONbits.T0IF = 0;
   659  0235  110B               	bcf	11,2	;volatile
   660  0236                     l810:
   661                           
   662                           ;Laboratorio71.c: 149:     INTCONbits.T0IE = 1;
   663  0236  168B               	bsf	11,5	;volatile
   664  0237                     l812:
   665                           
   666                           ;Laboratorio71.c: 150:     INTCONbits.GIE = 1;
   667  0237  178B               	bsf	11,7	;volatile
   668  0238                     l84:
   669  0238  0008               	return
   670  0239                     __end_of_setup:
   671                           
   672                           	psect	text2
   673  01CB                     __ptext2:	
   674 ;; *************** function _Display *****************
   675 ;; Defined at:
   676 ;;		line 162 in file "Laboratorio71.c"
   677 ;; Parameters:    Size  Location     Type
   678 ;;  Numero          2    0[BANK0 ] int 
   679 ;; Auto vars:     Size  Location     Type
   680 ;;		None
   681 ;; Return value:  Size  Location     Type
   682 ;;                  2    0[BANK0 ] int 
   683 ;; Registers used:
   684 ;;		wreg, fsr0l, fsr0h, status,2, status,0
   685 ;; Tracked objects:
   686 ;;		On entry : 0/0
   687 ;;		On exit  : 0/0
   688 ;;		Unchanged: 0/0
   689 ;; Data sizes:     COMMON   BANK0   BANK1   BANK3   BANK2
   690 ;;      Params:         0       2       0       0       0
   691 ;;      Locals:         0       0       0       0       0
   692 ;;      Temps:          0       0       0       0       0
   693 ;;      Totals:         0       2       0       0       0
   694 ;;Total ram usage:        2 bytes
   695 ;; Hardware stack levels used:    1
   696 ;; Hardware stack levels required when called:    1
   697 ;; This function calls:
   698 ;;		Nothing
   699 ;; This function is called by:
   700 ;;		_main
   701 ;; This function uses a non-reentrant model
   702 ;;
   703                           
   704                           
   705                           ;psect for function _Display
   706  01CB                     _Display:
   707  01CB                     l1254:	
   708                           ;incstack = 0
   709                           ; Regs used in _Display: [wreg-fsr0h+status,2+status,0]
   710                           
   711                           
   712                           ;Laboratorio71.c: 163:     switch (Numero){
   713  01CB  29E7               	goto	l1278
   714  01CC                     l1256:
   715  01CC  303F               	movlw	63
   716  01CD  0087               	movwf	7	;volatile
   717                           
   718                           ;Laboratorio71.c: 165:         break;
   719  01CE  2A0E               	goto	l102
   720  01CF                     l1258:
   721  01CF  3006               	movlw	6
   722  01D0  0087               	movwf	7	;volatile
   723                           
   724                           ;Laboratorio71.c: 167:         break;
   725  01D1  2A0E               	goto	l102
   726  01D2                     l1260:
   727  01D2  305B               	movlw	91
   728  01D3  0087               	movwf	7	;volatile
   729                           
   730                           ;Laboratorio71.c: 169:         break;
   731  01D4  2A0E               	goto	l102
   732  01D5                     l1262:
   733  01D5  304F               	movlw	79
   734  01D6  0087               	movwf	7	;volatile
   735                           
   736                           ;Laboratorio71.c: 171:         break;
   737  01D7  2A0E               	goto	l102
   738  01D8                     l1264:
   739  01D8  3066               	movlw	102
   740  01D9  0087               	movwf	7	;volatile
   741                           
   742                           ;Laboratorio71.c: 173:         break;
   743  01DA  2A0E               	goto	l102
   744  01DB                     l1266:
   745  01DB  306D               	movlw	109
   746  01DC  0087               	movwf	7	;volatile
   747                           
   748                           ;Laboratorio71.c: 175:         break;
   749  01DD  2A0E               	goto	l102
   750  01DE                     l1268:
   751  01DE  307D               	movlw	125
   752  01DF  0087               	movwf	7	;volatile
   753                           
   754                           ;Laboratorio71.c: 177:         break;
   755  01E0  2A0E               	goto	l102
   756  01E1                     l1270:
   757  01E1  307F               	movlw	127
   758  01E2  0087               	movwf	7	;volatile
   759                           
   760                           ;Laboratorio71.c: 179:         break;
   761  01E3  2A0E               	goto	l102
   762  01E4                     l1274:
   763  01E4  3067               	movlw	103
   764  01E5  0087               	movwf	7	;volatile
   765                           
   766                           ;Laboratorio71.c: 183:         break;
   767  01E6  2A0E               	goto	l102
   768  01E7                     l1278:
   769                           
   770                           ; Switch on 2 bytes has been partitioned into a top level switch of size 1, and 1 sub-sw
      +                          itches
   771                           ; Switch size 1, requested type "simple"
   772                           ; Number of cases is 1, Range of values is 0 to 0
   773                           ; switch strategies available:
   774                           ; Name         Instructions Cycles
   775                           ; simple_byte            4     3 (average)
   776                           ; direct_byte           11     8 (fixed)
   777                           ; jumptable            260     6 (fixed)
   778                           ;	Chosen strategy is simple_byte
   779  01E7  1283               	bcf	3,5	;RP0=0, select bank0
   780  01E8  1303               	bcf	3,6	;RP1=0, select bank0
   781  01E9  0821               	movf	Display@Numero+1,w
   782  01EA  3A00               	xorlw	0	; case 0
   783  01EB  1903               	skipnz
   784  01EC  29EE               	goto	l1376
   785  01ED  2A0E               	goto	l102
   786  01EE                     l1376:
   787                           
   788                           ; Switch size 1, requested type "simple"
   789                           ; Number of cases is 10, Range of values is 0 to 9
   790                           ; switch strategies available:
   791                           ; Name         Instructions Cycles
   792                           ; simple_byte           31    16 (average)
   793                           ; direct_byte           38     8 (fixed)
   794                           ; jumptable            260     6 (fixed)
   795                           ;	Chosen strategy is simple_byte
   796  01EE  0820               	movf	Display@Numero,w
   797  01EF  3A00               	xorlw	0	; case 0
   798  01F0  1903               	skipnz
   799  01F1  29CC               	goto	l1256
   800  01F2  3A01               	xorlw	1	; case 1
   801  01F3  1903               	skipnz
   802  01F4  29CF               	goto	l1258
   803  01F5  3A03               	xorlw	3	; case 2
   804  01F6  1903               	skipnz
   805  01F7  29D2               	goto	l1260
   806  01F8  3A01               	xorlw	1	; case 3
   807  01F9  1903               	skipnz
   808  01FA  29D5               	goto	l1262
   809  01FB  3A07               	xorlw	7	; case 4
   810  01FC  1903               	skipnz
   811  01FD  29D8               	goto	l1264
   812  01FE  3A01               	xorlw	1	; case 5
   813  01FF  1903               	skipnz
   814  0200  29DB               	goto	l1266
   815  0201  3A03               	xorlw	3	; case 6
   816  0202  1903               	skipnz
   817  0203  29DE               	goto	l1268
   818  0204  3A01               	xorlw	1	; case 7
   819  0205  1903               	skipnz
   820  0206  29E1               	goto	l1270
   821  0207  3A0F               	xorlw	15	; case 8
   822  0208  1903               	skipnz
   823  0209  29E1               	goto	l1270
   824  020A  3A01               	xorlw	1	; case 9
   825  020B  1903               	skipnz
   826  020C  29E4               	goto	l1274
   827  020D  2A0E               	goto	l102
   828  020E                     l102:
   829  020E  0008               	return
   830  020F                     __end_of_Display:
   831                           
   832                           	psect	text3
   833  012E                     __ptext3:	
   834 ;; *************** function _Decimales *****************
   835 ;; Defined at:
   836 ;;		line 153 in file "Laboratorio71.c"
   837 ;; Parameters:    Size  Location     Type
   838 ;;		None
   839 ;; Auto vars:     Size  Location     Type
   840 ;;  Temporal        2   12[BANK0 ] int 
   841 ;; Return value:  Size  Location     Type
   842 ;;                  1    wreg      void 
   843 ;; Registers used:
   844 ;;		wreg, status,2, status,0, pclath, cstack
   845 ;; Tracked objects:
   846 ;;		On entry : 0/0
   847 ;;		On exit  : 0/0
   848 ;;		Unchanged: 0/0
   849 ;; Data sizes:     COMMON   BANK0   BANK1   BANK3   BANK2
   850 ;;      Params:         0       0       0       0       0
   851 ;;      Locals:         0       2       0       0       0
   852 ;;      Temps:          0       3       0       0       0
   853 ;;      Totals:         0       5       0       0       0
   854 ;;Total ram usage:        5 bytes
   855 ;; Hardware stack levels used:    1
   856 ;; Hardware stack levels required when called:    2
   857 ;; This function calls:
   858 ;;		___awdiv
   859 ;;		___awmod
   860 ;; This function is called by:
   861 ;;		_main
   862 ;; This function uses a non-reentrant model
   863 ;;
   864                           
   865                           
   866                           ;psect for function _Decimales
   867  012E                     _Decimales:
   868  012E                     l1252:	
   869                           ;incstack = 0
   870                           ; Regs used in _Decimales: [wreg+status,2+status,0+pclath+cstack]
   871                           
   872                           
   873                           ;Laboratorio71.c: 154:     int Temporal;;Laboratorio71.c: 155:     Centena = PORTD /100;
   874  012E  3064               	movlw	100
   875  012F  1283               	bcf	3,5	;RP0=0, select bank0
   876  0130  1303               	bcf	3,6	;RP1=0, select bank0
   877  0131  00A0               	movwf	___awdiv@divisor
   878  0132  3000               	movlw	0
   879  0133  00A1               	movwf	___awdiv@divisor+1
   880  0134  0808               	movf	8,w	;volatile
   881  0135  00A9               	movwf	??_Decimales
   882  0136  01AA               	clrf	??_Decimales+1
   883  0137  0829               	movf	??_Decimales,w
   884  0138  00A2               	movwf	___awdiv@dividend
   885  0139  082A               	movf	??_Decimales+1,w
   886  013A  00A3               	movwf	___awdiv@dividend+1
   887  013B  120A  118A  2015  120A  118A  	fcall	___awdiv
   888  0140  1283               	bcf	3,5	;RP0=0, select bank0
   889  0141  1303               	bcf	3,6	;RP1=0, select bank0
   890  0142  0820               	movf	?___awdiv,w
   891  0143  00AB               	movwf	??_Decimales+2
   892  0144  082B               	movf	??_Decimales+2,w
   893  0145  00F7               	movwf	_Centena
   894                           
   895                           ;Laboratorio71.c: 156:     Temporal = PORTD % 100;
   896  0146  3064               	movlw	100
   897  0147  00A0               	movwf	___awmod@divisor
   898  0148  3000               	movlw	0
   899  0149  00A1               	movwf	___awmod@divisor+1
   900  014A  0808               	movf	8,w	;volatile
   901  014B  00A9               	movwf	??_Decimales
   902  014C  01AA               	clrf	??_Decimales+1
   903  014D  0829               	movf	??_Decimales,w
   904  014E  00A2               	movwf	___awmod@dividend
   905  014F  082A               	movf	??_Decimales+1,w
   906  0150  00A3               	movwf	___awmod@dividend+1
   907  0151  120A  118A  207E  120A  118A  	fcall	___awmod
   908  0156  1283               	bcf	3,5	;RP0=0, select bank0
   909  0157  1303               	bcf	3,6	;RP1=0, select bank0
   910  0158  0821               	movf	?___awmod+1,w
   911  0159  00AD               	movwf	Decimales@Temporal+1
   912  015A  0820               	movf	?___awmod,w
   913  015B  00AC               	movwf	Decimales@Temporal
   914                           
   915                           ;Laboratorio71.c: 157:     Decena = Temporal /10;
   916  015C  300A               	movlw	10
   917  015D  00A0               	movwf	___awdiv@divisor
   918  015E  3000               	movlw	0
   919  015F  00A1               	movwf	___awdiv@divisor+1
   920  0160  082D               	movf	Decimales@Temporal+1,w
   921  0161  00A3               	movwf	___awdiv@dividend+1
   922  0162  082C               	movf	Decimales@Temporal,w
   923  0163  00A2               	movwf	___awdiv@dividend
   924  0164  120A  118A  2015  120A  118A  	fcall	___awdiv
   925  0169  1283               	bcf	3,5	;RP0=0, select bank0
   926  016A  1303               	bcf	3,6	;RP1=0, select bank0
   927  016B  0820               	movf	?___awdiv,w
   928  016C  00A9               	movwf	??_Decimales
   929  016D  0829               	movf	??_Decimales,w
   930  016E  00F6               	movwf	_Decena
   931                           
   932                           ;Laboratorio71.c: 158:     Unidad = Temporal % 10;
   933  016F  300A               	movlw	10
   934  0170  00A0               	movwf	___awmod@divisor
   935  0171  3000               	movlw	0
   936  0172  00A1               	movwf	___awmod@divisor+1
   937  0173  082D               	movf	Decimales@Temporal+1,w
   938  0174  00A3               	movwf	___awmod@dividend+1
   939  0175  082C               	movf	Decimales@Temporal,w
   940  0176  00A2               	movwf	___awmod@dividend
   941  0177  120A  118A  207E  120A  118A  	fcall	___awmod
   942  017C  1283               	bcf	3,5	;RP0=0, select bank0
   943  017D  1303               	bcf	3,6	;RP1=0, select bank0
   944  017E  0820               	movf	?___awmod,w
   945  017F  00A9               	movwf	??_Decimales
   946  0180  0829               	movf	??_Decimales,w
   947  0181  00F5               	movwf	_Unidad
   948  0182                     l87:
   949  0182  0008               	return
   950  0183                     __end_of_Decimales:
   951                           
   952                           	psect	text4
   953  007E                     __ptext4:	
   954 ;; *************** function ___awmod *****************
   955 ;; Defined at:
   956 ;;		line 5 in file "C:\Program Files\Microchip\xc8\v2.31\pic\sources\c90\common\awmod.c"
   957 ;; Parameters:    Size  Location     Type
   958 ;;  divisor         2    0[BANK0 ] int 
   959 ;;  dividend        2    2[BANK0 ] int 
   960 ;; Auto vars:     Size  Location     Type
   961 ;;  sign            1    6[BANK0 ] unsigned char 
   962 ;;  counter         1    5[BANK0 ] unsigned char 
   963 ;; Return value:  Size  Location     Type
   964 ;;                  2    0[BANK0 ] int 
   965 ;; Registers used:
   966 ;;		wreg, status,2, status,0
   967 ;; Tracked objects:
   968 ;;		On entry : 0/0
   969 ;;		On exit  : 0/0
   970 ;;		Unchanged: 0/0
   971 ;; Data sizes:     COMMON   BANK0   BANK1   BANK3   BANK2
   972 ;;      Params:         0       4       0       0       0
   973 ;;      Locals:         0       2       0       0       0
   974 ;;      Temps:          0       1       0       0       0
   975 ;;      Totals:         0       7       0       0       0
   976 ;;Total ram usage:        7 bytes
   977 ;; Hardware stack levels used:    1
   978 ;; Hardware stack levels required when called:    1
   979 ;; This function calls:
   980 ;;		Nothing
   981 ;; This function is called by:
   982 ;;		_Decimales
   983 ;; This function uses a non-reentrant model
   984 ;;
   985                           
   986                           
   987                           ;psect for function ___awmod
   988  007E                     ___awmod:
   989  007E                     l1214:	
   990                           ;incstack = 0
   991                           ; Regs used in ___awmod: [wreg+status,2+status,0]
   992                           
   993  007E  1283               	bcf	3,5	;RP0=0, select bank0
   994  007F  1303               	bcf	3,6	;RP1=0, select bank0
   995  0080  01A6               	clrf	___awmod@sign
   996  0081                     l1216:
   997  0081  1FA3               	btfss	___awmod@dividend+1,7
   998  0082  2884               	goto	u531
   999  0083  2885               	goto	u530
  1000  0084                     u531:
  1001  0084  288C               	goto	l1222
  1002  0085                     u530:
  1003  0085                     l1218:
  1004  0085  09A2               	comf	___awmod@dividend,f
  1005  0086  09A3               	comf	___awmod@dividend+1,f
  1006  0087  0AA2               	incf	___awmod@dividend,f
  1007  0088  1903               	skipnz
  1008  0089  0AA3               	incf	___awmod@dividend+1,f
  1009  008A                     l1220:
  1010  008A  01A6               	clrf	___awmod@sign
  1011  008B  0AA6               	incf	___awmod@sign,f
  1012  008C                     l1222:
  1013  008C  1FA1               	btfss	___awmod@divisor+1,7
  1014  008D  288F               	goto	u541
  1015  008E  2890               	goto	u540
  1016  008F                     u541:
  1017  008F  2895               	goto	l1226
  1018  0090                     u540:
  1019  0090                     l1224:
  1020  0090  09A0               	comf	___awmod@divisor,f
  1021  0091  09A1               	comf	___awmod@divisor+1,f
  1022  0092  0AA0               	incf	___awmod@divisor,f
  1023  0093  1903               	skipnz
  1024  0094  0AA1               	incf	___awmod@divisor+1,f
  1025  0095                     l1226:
  1026  0095  0820               	movf	___awmod@divisor,w
  1027  0096  0421               	iorwf	___awmod@divisor+1,w
  1028  0097  1903               	btfsc	3,2
  1029  0098  289A               	goto	u551
  1030  0099  289B               	goto	u550
  1031  009A                     u551:
  1032  009A  28CA               	goto	l1244
  1033  009B                     u550:
  1034  009B                     l1228:
  1035  009B  01A5               	clrf	___awmod@counter
  1036  009C  0AA5               	incf	___awmod@counter,f
  1037  009D  28A9               	goto	l1234
  1038  009E                     l1230:
  1039  009E  3001               	movlw	1
  1040  009F                     u565:
  1041  009F  1003               	clrc
  1042  00A0  0DA0               	rlf	___awmod@divisor,f
  1043  00A1  0DA1               	rlf	___awmod@divisor+1,f
  1044  00A2  3EFF               	addlw	-1
  1045  00A3  1D03               	skipz
  1046  00A4  289F               	goto	u565
  1047  00A5                     l1232:
  1048  00A5  3001               	movlw	1
  1049  00A6  00A4               	movwf	??___awmod
  1050  00A7  0824               	movf	??___awmod,w
  1051  00A8  07A5               	addwf	___awmod@counter,f
  1052  00A9                     l1234:
  1053  00A9  1FA1               	btfss	___awmod@divisor+1,7
  1054  00AA  28AC               	goto	u571
  1055  00AB  28AD               	goto	u570
  1056  00AC                     u571:
  1057  00AC  289E               	goto	l1230
  1058  00AD                     u570:
  1059  00AD                     l1236:
  1060  00AD  0821               	movf	___awmod@divisor+1,w
  1061  00AE  0223               	subwf	___awmod@dividend+1,w
  1062  00AF  1D03               	skipz
  1063  00B0  28B3               	goto	u585
  1064  00B1  0820               	movf	___awmod@divisor,w
  1065  00B2  0222               	subwf	___awmod@dividend,w
  1066  00B3                     u585:
  1067  00B3  1C03               	skipc
  1068  00B4  28B6               	goto	u581
  1069  00B5  28B7               	goto	u580
  1070  00B6                     u581:
  1071  00B6  28BD               	goto	l1240
  1072  00B7                     u580:
  1073  00B7                     l1238:
  1074  00B7  0820               	movf	___awmod@divisor,w
  1075  00B8  02A2               	subwf	___awmod@dividend,f
  1076  00B9  0821               	movf	___awmod@divisor+1,w
  1077  00BA  1C03               	skipc
  1078  00BB  03A3               	decf	___awmod@dividend+1,f
  1079  00BC  02A3               	subwf	___awmod@dividend+1,f
  1080  00BD                     l1240:
  1081  00BD  3001               	movlw	1
  1082  00BE                     u595:
  1083  00BE  1003               	clrc
  1084  00BF  0CA1               	rrf	___awmod@divisor+1,f
  1085  00C0  0CA0               	rrf	___awmod@divisor,f
  1086  00C1  3EFF               	addlw	-1
  1087  00C2  1D03               	skipz
  1088  00C3  28BE               	goto	u595
  1089  00C4                     l1242:
  1090  00C4  3001               	movlw	1
  1091  00C5  02A5               	subwf	___awmod@counter,f
  1092  00C6  1D03               	btfss	3,2
  1093  00C7  28C9               	goto	u601
  1094  00C8  28CA               	goto	u600
  1095  00C9                     u601:
  1096  00C9  28AD               	goto	l1236
  1097  00CA                     u600:
  1098  00CA                     l1244:
  1099  00CA  0826               	movf	___awmod@sign,w
  1100  00CB  1903               	btfsc	3,2
  1101  00CC  28CE               	goto	u611
  1102  00CD  28CF               	goto	u610
  1103  00CE                     u611:
  1104  00CE  28D4               	goto	l1248
  1105  00CF                     u610:
  1106  00CF                     l1246:
  1107  00CF  09A2               	comf	___awmod@dividend,f
  1108  00D0  09A3               	comf	___awmod@dividend+1,f
  1109  00D1  0AA2               	incf	___awmod@dividend,f
  1110  00D2  1903               	skipnz
  1111  00D3  0AA3               	incf	___awmod@dividend+1,f
  1112  00D4                     l1248:
  1113  00D4  0823               	movf	___awmod@dividend+1,w
  1114  00D5  00A1               	movwf	?___awmod+1
  1115  00D6  0822               	movf	___awmod@dividend,w
  1116  00D7  00A0               	movwf	?___awmod
  1117  00D8                     l354:
  1118  00D8  0008               	return
  1119  00D9                     __end_of___awmod:
  1120                           
  1121                           	psect	text5
  1122  0015                     __ptext5:	
  1123 ;; *************** function ___awdiv *****************
  1124 ;; Defined at:
  1125 ;;		line 5 in file "C:\Program Files\Microchip\xc8\v2.31\pic\sources\c90\common\awdiv.c"
  1126 ;; Parameters:    Size  Location     Type
  1127 ;;  divisor         2    0[BANK0 ] int 
  1128 ;;  dividend        2    2[BANK0 ] int 
  1129 ;; Auto vars:     Size  Location     Type
  1130 ;;  quotient        2    7[BANK0 ] int 
  1131 ;;  sign            1    6[BANK0 ] unsigned char 
  1132 ;;  counter         1    5[BANK0 ] unsigned char 
  1133 ;; Return value:  Size  Location     Type
  1134 ;;                  2    0[BANK0 ] int 
  1135 ;; Registers used:
  1136 ;;		wreg, status,2, status,0
  1137 ;; Tracked objects:
  1138 ;;		On entry : 0/0
  1139 ;;		On exit  : 0/0
  1140 ;;		Unchanged: 0/0
  1141 ;; Data sizes:     COMMON   BANK0   BANK1   BANK3   BANK2
  1142 ;;      Params:         0       4       0       0       0
  1143 ;;      Locals:         0       4       0       0       0
  1144 ;;      Temps:          0       1       0       0       0
  1145 ;;      Totals:         0       9       0       0       0
  1146 ;;Total ram usage:        9 bytes
  1147 ;; Hardware stack levels used:    1
  1148 ;; Hardware stack levels required when called:    1
  1149 ;; This function calls:
  1150 ;;		Nothing
  1151 ;; This function is called by:
  1152 ;;		_Decimales
  1153 ;; This function uses a non-reentrant model
  1154 ;;
  1155                           
  1156                           
  1157                           ;psect for function ___awdiv
  1158  0015                     ___awdiv:
  1159  0015                     l1170:	
  1160                           ;incstack = 0
  1161                           ; Regs used in ___awdiv: [wreg+status,2+status,0]
  1162                           
  1163  0015  1283               	bcf	3,5	;RP0=0, select bank0
  1164  0016  1303               	bcf	3,6	;RP1=0, select bank0
  1165  0017  01A6               	clrf	___awdiv@sign
  1166  0018                     l1172:
  1167  0018  1FA1               	btfss	___awdiv@divisor+1,7
  1168  0019  281B               	goto	u431
  1169  001A  281C               	goto	u430
  1170  001B                     u431:
  1171  001B  2823               	goto	l1178
  1172  001C                     u430:
  1173  001C                     l1174:
  1174  001C  09A0               	comf	___awdiv@divisor,f
  1175  001D  09A1               	comf	___awdiv@divisor+1,f
  1176  001E  0AA0               	incf	___awdiv@divisor,f
  1177  001F  1903               	skipnz
  1178  0020  0AA1               	incf	___awdiv@divisor+1,f
  1179  0021                     l1176:
  1180  0021  01A6               	clrf	___awdiv@sign
  1181  0022  0AA6               	incf	___awdiv@sign,f
  1182  0023                     l1178:
  1183  0023  1FA3               	btfss	___awdiv@dividend+1,7
  1184  0024  2826               	goto	u441
  1185  0025  2827               	goto	u440
  1186  0026                     u441:
  1187  0026  2830               	goto	l1184
  1188  0027                     u440:
  1189  0027                     l1180:
  1190  0027  09A2               	comf	___awdiv@dividend,f
  1191  0028  09A3               	comf	___awdiv@dividend+1,f
  1192  0029  0AA2               	incf	___awdiv@dividend,f
  1193  002A  1903               	skipnz
  1194  002B  0AA3               	incf	___awdiv@dividend+1,f
  1195  002C                     l1182:
  1196  002C  3001               	movlw	1
  1197  002D  00A4               	movwf	??___awdiv
  1198  002E  0824               	movf	??___awdiv,w
  1199  002F  06A6               	xorwf	___awdiv@sign,f
  1200  0030                     l1184:
  1201  0030  01A7               	clrf	___awdiv@quotient
  1202  0031  01A8               	clrf	___awdiv@quotient+1
  1203  0032                     l1186:
  1204  0032  0820               	movf	___awdiv@divisor,w
  1205  0033  0421               	iorwf	___awdiv@divisor+1,w
  1206  0034  1903               	btfsc	3,2
  1207  0035  2837               	goto	u451
  1208  0036  2838               	goto	u450
  1209  0037                     u451:
  1210  0037  286F               	goto	l1206
  1211  0038                     u450:
  1212  0038                     l1188:
  1213  0038  01A5               	clrf	___awdiv@counter
  1214  0039  0AA5               	incf	___awdiv@counter,f
  1215  003A  2846               	goto	l1194
  1216  003B                     l1190:
  1217  003B  3001               	movlw	1
  1218  003C                     u465:
  1219  003C  1003               	clrc
  1220  003D  0DA0               	rlf	___awdiv@divisor,f
  1221  003E  0DA1               	rlf	___awdiv@divisor+1,f
  1222  003F  3EFF               	addlw	-1
  1223  0040  1D03               	skipz
  1224  0041  283C               	goto	u465
  1225  0042                     l1192:
  1226  0042  3001               	movlw	1
  1227  0043  00A4               	movwf	??___awdiv
  1228  0044  0824               	movf	??___awdiv,w
  1229  0045  07A5               	addwf	___awdiv@counter,f
  1230  0046                     l1194:
  1231  0046  1FA1               	btfss	___awdiv@divisor+1,7
  1232  0047  2849               	goto	u471
  1233  0048  284A               	goto	u470
  1234  0049                     u471:
  1235  0049  283B               	goto	l1190
  1236  004A                     u470:
  1237  004A                     l1196:
  1238  004A  3001               	movlw	1
  1239  004B                     u485:
  1240  004B  1003               	clrc
  1241  004C  0DA7               	rlf	___awdiv@quotient,f
  1242  004D  0DA8               	rlf	___awdiv@quotient+1,f
  1243  004E  3EFF               	addlw	-1
  1244  004F  1D03               	skipz
  1245  0050  284B               	goto	u485
  1246  0051  0821               	movf	___awdiv@divisor+1,w
  1247  0052  0223               	subwf	___awdiv@dividend+1,w
  1248  0053  1D03               	skipz
  1249  0054  2857               	goto	u495
  1250  0055  0820               	movf	___awdiv@divisor,w
  1251  0056  0222               	subwf	___awdiv@dividend,w
  1252  0057                     u495:
  1253  0057  1C03               	skipc
  1254  0058  285A               	goto	u491
  1255  0059  285B               	goto	u490
  1256  005A                     u491:
  1257  005A  2862               	goto	l1202
  1258  005B                     u490:
  1259  005B                     l1198:
  1260  005B  0820               	movf	___awdiv@divisor,w
  1261  005C  02A2               	subwf	___awdiv@dividend,f
  1262  005D  0821               	movf	___awdiv@divisor+1,w
  1263  005E  1C03               	skipc
  1264  005F  03A3               	decf	___awdiv@dividend+1,f
  1265  0060  02A3               	subwf	___awdiv@dividend+1,f
  1266  0061                     l1200:
  1267  0061  1427               	bsf	___awdiv@quotient,0
  1268  0062                     l1202:
  1269  0062  3001               	movlw	1
  1270  0063                     u505:
  1271  0063  1003               	clrc
  1272  0064  0CA1               	rrf	___awdiv@divisor+1,f
  1273  0065  0CA0               	rrf	___awdiv@divisor,f
  1274  0066  3EFF               	addlw	-1
  1275  0067  1D03               	skipz
  1276  0068  2863               	goto	u505
  1277  0069                     l1204:
  1278  0069  3001               	movlw	1
  1279  006A  02A5               	subwf	___awdiv@counter,f
  1280  006B  1D03               	btfss	3,2
  1281  006C  286E               	goto	u511
  1282  006D  286F               	goto	u510
  1283  006E                     u511:
  1284  006E  284A               	goto	l1196
  1285  006F                     u510:
  1286  006F                     l1206:
  1287  006F  0826               	movf	___awdiv@sign,w
  1288  0070  1903               	btfsc	3,2
  1289  0071  2873               	goto	u521
  1290  0072  2874               	goto	u520
  1291  0073                     u521:
  1292  0073  2879               	goto	l1210
  1293  0074                     u520:
  1294  0074                     l1208:
  1295  0074  09A7               	comf	___awdiv@quotient,f
  1296  0075  09A8               	comf	___awdiv@quotient+1,f
  1297  0076  0AA7               	incf	___awdiv@quotient,f
  1298  0077  1903               	skipnz
  1299  0078  0AA8               	incf	___awdiv@quotient+1,f
  1300  0079                     l1210:
  1301  0079  0828               	movf	___awdiv@quotient+1,w
  1302  007A  00A1               	movwf	?___awdiv+1
  1303  007B  0827               	movf	___awdiv@quotient,w
  1304  007C  00A0               	movwf	?___awdiv
  1305  007D                     l341:
  1306  007D  0008               	return
  1307  007E                     __end_of___awdiv:
  1308                           
  1309                           	psect	text6
  1310  0183                     __ptext6:	
  1311 ;; *************** function _isr *****************
  1312 ;; Defined at:
  1313 ;;		line 49 in file "Laboratorio71.c"
  1314 ;; Parameters:    Size  Location     Type
  1315 ;;		None
  1316 ;; Auto vars:     Size  Location     Type
  1317 ;;		None
  1318 ;; Return value:  Size  Location     Type
  1319 ;;                  1    wreg      void 
  1320 ;; Registers used:
  1321 ;;		wreg, fsr0l, fsr0h, status,2, status,0
  1322 ;; Tracked objects:
  1323 ;;		On entry : 0/0
  1324 ;;		On exit  : 0/0
  1325 ;;		Unchanged: 0/0
  1326 ;; Data sizes:     COMMON   BANK0   BANK1   BANK3   BANK2
  1327 ;;      Params:         0       0       0       0       0
  1328 ;;      Locals:         0       0       0       0       0
  1329 ;;      Temps:          5       0       0       0       0
  1330 ;;      Totals:         5       0       0       0       0
  1331 ;;Total ram usage:        5 bytes
  1332 ;; Hardware stack levels used:    1
  1333 ;; This function calls:
  1334 ;;		Nothing
  1335 ;; This function is called by:
  1336 ;;		Interrupt level 1
  1337 ;; This function uses a non-reentrant model
  1338 ;;
  1339                           
  1340                           
  1341                           ;psect for function _isr
  1342  0183                     _isr:
  1343  0183                     i1l846:
  1344                           
  1345                           ;Laboratorio71.c: 52:     if (T0IF)
  1346  0183  1D0B               	btfss	11,2	;volatile
  1347  0184  2986               	goto	u20_21
  1348  0185  2987               	goto	u20_20
  1349  0186                     u20_21:
  1350  0186  29AD               	goto	i1l860
  1351  0187                     u20_20:
  1352  0187  2995               	goto	i1l856
  1353  0188                     i1l850:
  1354  0188  3002               	movlw	2
  1355  0189  00F0               	movwf	??_isr
  1356  018A  0870               	movf	??_isr,w
  1357  018B  00F8               	movwf	_muxeo
  1358                           
  1359                           ;Laboratorio71.c: 56:             break;
  1360  018C  29A8               	goto	i1l62
  1361  018D                     i1l852:
  1362  018D  3004               	movlw	4
  1363  018E  00F0               	movwf	??_isr
  1364  018F  0870               	movf	??_isr,w
  1365  0190  00F8               	movwf	_muxeo
  1366                           
  1367                           ;Laboratorio71.c: 58:             break;
  1368  0191  29A8               	goto	i1l62
  1369  0192                     i1l64:	
  1370                           ;Laboratorio71.c: 59:             case(0x04): muxeo = 0x01;
  1371                           
  1372  0192  01F8               	clrf	_muxeo
  1373  0193  0AF8               	incf	_muxeo,f
  1374                           
  1375                           ;Laboratorio71.c: 60:             break;
  1376  0194  29A8               	goto	i1l62
  1377  0195                     i1l856:
  1378  0195  0878               	movf	_muxeo,w
  1379  0196  00F0               	movwf	??_isr
  1380  0197  01F1               	clrf	??_isr+1
  1381                           
  1382                           ; Switch on 2 bytes has been partitioned into a top level switch of size 1, and 1 sub-sw
      +                          itches
  1383                           ; Switch size 1, requested type "simple"
  1384                           ; Number of cases is 1, Range of values is 0 to 0
  1385                           ; switch strategies available:
  1386                           ; Name         Instructions Cycles
  1387                           ; simple_byte            4     3 (average)
  1388                           ; direct_byte           11     8 (fixed)
  1389                           ; jumptable            260     6 (fixed)
  1390                           ;	Chosen strategy is simple_byte
  1391  0198  0871               	movf	??_isr+1,w
  1392  0199  3A00               	xorlw	0	; case 0
  1393  019A  1903               	skipnz
  1394  019B  299D               	goto	i1l1378
  1395  019C  29A8               	goto	i1l62
  1396  019D                     i1l1378:
  1397                           
  1398                           ; Switch size 1, requested type "simple"
  1399                           ; Number of cases is 3, Range of values is 1 to 4
  1400                           ; switch strategies available:
  1401                           ; Name         Instructions Cycles
  1402                           ; simple_byte           10     6 (average)
  1403                           ; direct_byte           23    11 (fixed)
  1404                           ; jumptable            263     9 (fixed)
  1405                           ;	Chosen strategy is simple_byte
  1406  019D  0870               	movf	??_isr,w
  1407  019E  3A01               	xorlw	1	; case 1
  1408  019F  1903               	skipnz
  1409  01A0  2988               	goto	i1l850
  1410  01A1  3A03               	xorlw	3	; case 2
  1411  01A2  1903               	skipnz
  1412  01A3  298D               	goto	i1l852
  1413  01A4  3A06               	xorlw	6	; case 4
  1414  01A5  1903               	skipnz
  1415  01A6  2992               	goto	i1l64
  1416  01A7  29A8               	goto	i1l62
  1417  01A8                     i1l62:
  1418                           
  1419                           ;Laboratorio71.c: 62:         T0IF = 0;
  1420  01A8  110B               	bcf	11,2	;volatile
  1421  01A9                     i1l858:
  1422                           
  1423                           ;Laboratorio71.c: 63:         TMR0 = 177;
  1424  01A9  30B1               	movlw	177
  1425  01AA  1283               	bcf	3,5	;RP0=0, select bank0
  1426  01AB  1303               	bcf	3,6	;RP1=0, select bank0
  1427  01AC  0081               	movwf	1	;volatile
  1428  01AD                     i1l860:
  1429                           
  1430                           ;Laboratorio71.c: 66:     if (RBIF)
  1431  01AD  1C0B               	btfss	11,0	;volatile
  1432  01AE  29B0               	goto	u21_21
  1433  01AF  29B1               	goto	u21_20
  1434  01B0                     u21_21:
  1435  01B0  29C2               	goto	i1l68
  1436  01B1                     u21_20:
  1437  01B1                     i1l862:
  1438                           
  1439                           ;Laboratorio71.c: 67:     {;Laboratorio71.c: 68:         if (RB0 == 0){
  1440  01B1  1283               	bcf	3,5	;RP0=0, select bank0
  1441  01B2  1303               	bcf	3,6	;RP1=0, select bank0
  1442  01B3  1806               	btfsc	6,0	;volatile
  1443  01B4  29B6               	goto	u22_21
  1444  01B5  29B7               	goto	u22_20
  1445  01B6                     u22_21:
  1446  01B6  29BB               	goto	i1l866
  1447  01B7                     u22_20:
  1448  01B7                     i1l864:
  1449                           
  1450                           ;Laboratorio71.c: 69:             PORTD++;
  1451  01B7  3001               	movlw	1
  1452  01B8  00F0               	movwf	??_isr
  1453  01B9  0870               	movf	??_isr,w
  1454  01BA  0788               	addwf	8,f	;volatile
  1455  01BB                     i1l866:
  1456                           
  1457                           ;Laboratorio71.c: 71:         if (RB1 == 0){
  1458  01BB  1886               	btfsc	6,1	;volatile
  1459  01BC  29BE               	goto	u23_21
  1460  01BD  29BF               	goto	u23_20
  1461  01BE                     u23_21:
  1462  01BE  29C1               	goto	i1l870
  1463  01BF                     u23_20:
  1464  01BF                     i1l868:
  1465                           
  1466                           ;Laboratorio71.c: 72:             PORTD--;
  1467  01BF  3001               	movlw	1
  1468  01C0  0288               	subwf	8,f	;volatile
  1469  01C1                     i1l870:
  1470                           
  1471                           ;Laboratorio71.c: 74:       RBIF = 0;
  1472  01C1  100B               	bcf	11,0	;volatile
  1473  01C2                     i1l68:
  1474  01C2  0874               	movf	??_isr+4,w
  1475  01C3  008A               	movwf	10
  1476  01C4  0873               	movf	??_isr+3,w
  1477  01C5  0084               	movwf	4
  1478  01C6  0E72               	swapf	??_isr+2,w
  1479  01C7  0083               	movwf	3
  1480  01C8  0EFE               	swapf	btemp,f
  1481  01C9  0E7E               	swapf	btemp,w
  1482  01CA  0009               	retfie
  1483  01CB                     __end_of_isr:
  1484  007E                     btemp	set	126	;btemp
  1485  007E                     wtemp0	set	126
  1486                           
  1487                           	psect	intentry
  1488  0004                     __pintentry:	
  1489                           ;incstack = 0
  1490                           ; Regs used in _isr: [wreg-fsr0h+status,2+status,0]
  1491                           
  1492  0004                     interrupt_function:
  1493  007E                     saved_w	set	btemp
  1494  0004  00FE               	movwf	btemp
  1495  0005  0E03               	swapf	3,w
  1496  0006  00F2               	movwf	??_isr+2
  1497  0007  0804               	movf	4,w
  1498  0008  00F3               	movwf	??_isr+3
  1499  0009  080A               	movf	10,w
  1500  000A  00F4               	movwf	??_isr+4
  1501  000B  120A  118A  2983   	ljmp	_isr
  1502                           
  1503                           	psect	config
  1504                           
  1505                           ;Config register CONFIG1 @ 0x2007
  1506                           ;	Oscillator Selection bits
  1507                           ;	FOSC = INTRC_NOCLKOUT, INTOSCIO oscillator: I/O function on RA6/OSC2/CLKOUT pin, I/O f
      +                          unction on RA7/OSC1/CLKIN
  1508                           ;	Watchdog Timer Enable bit
  1509                           ;	WDTE = OFF, WDT disabled and can be enabled by SWDTEN bit of the WDTCON register
  1510                           ;	Power-up Timer Enable bit
  1511                           ;	PWRTE = OFF, PWRT disabled
  1512                           ;	RE3/MCLR pin function select bit
  1513                           ;	MCLRE = ON, RE3/MCLR pin function is MCLR
  1514                           ;	Code Protection bit
  1515                           ;	CP = OFF, Program memory code protection is disabled
  1516                           ;	Data Code Protection bit
  1517                           ;	CPD = OFF, Data memory code protection is disabled
  1518                           ;	Brown Out Reset Selection bits
  1519                           ;	BOREN = OFF, BOR disabled
  1520                           ;	Internal External Switchover bit
  1521                           ;	IESO = OFF, Internal/External Switchover mode is disabled
  1522                           ;	Fail-Safe Clock Monitor Enabled bit
  1523                           ;	FCMEN = OFF, Fail-Safe Clock Monitor is disabled
  1524                           ;	Low Voltage Programming Enable bit
  1525                           ;	LVP = ON, RB3/PGM pin has PGM function, low voltage programming enabled
  1526                           ;	In-Circuit Debugger Mode bit
  1527                           ;	DEBUG = 0x1, unprogrammed default
  1528  2007                     	org	8199
  1529  2007  30F4               	dw	12532
  1530                           
  1531                           ;Config register CONFIG2 @ 0x2008
  1532                           ;	Brown-out Reset Selection bit
  1533                           ;	BOR4V = BOR40V, Brown-out Reset set to 4.0V
  1534                           ;	Flash Program Memory Self Write Enable bits
  1535                           ;	WRT = OFF, Write protection off
  1536  2008                     	org	8200
  1537  2008  3FFF               	dw	16383

Data Sizes:
    Strings     0
    Constant    0
    Data        0
    BSS         0
    Persistent  4
    Stack       0

Auto Spaces:
    Space          Size  Autos    Used
    COMMON           14      5       9
    BANK0            80     16      16
    BANK1            80      0       0
    BANK3            96      0       0
    BANK2            96      0       0

Pointer List with Targets:

    None.

Critical Paths under _main in COMMON

    None.

Critical Paths under _isr in COMMON

    None.

Critical Paths under _main in BANK0

    _main->_Decimales
    _Decimales->___awdiv

Critical Paths under _isr in BANK0

    None.

Critical Paths under _main in BANK1

    None.

Critical Paths under _isr in BANK1

    None.

Critical Paths under _main in BANK3

    None.

Critical Paths under _isr in BANK3

    None.

Critical Paths under _main in BANK2

    None.

Critical Paths under _isr in BANK2

    None.

Call Graph Tables:

 ---------------------------------------------------------------------------------
 (Depth) Function   	        Calls       Base Space   Used Autos Params    Refs
 ---------------------------------------------------------------------------------
 (0) _main                                                 2     2      0    1964
                                             14 BANK0      2     2      0
                          _Decimales
                            _Display
                              _setup
 ---------------------------------------------------------------------------------
 (1) _setup                                                0     0      0       0
 ---------------------------------------------------------------------------------
 (1) _Display                                              2     0      2     301
                                              0 BANK0      2     0      2
 ---------------------------------------------------------------------------------
 (1) _Decimales                                            5     5      0    1663
                                              9 BANK0      5     5      0
                            ___awdiv
                            ___awmod
 ---------------------------------------------------------------------------------
 (2) ___awmod                                              7     3      4     793
                                              0 BANK0      7     3      4
 ---------------------------------------------------------------------------------
 (2) ___awdiv                                              9     5      4     805
                                              0 BANK0      9     5      4
 ---------------------------------------------------------------------------------
 Estimated maximum stack depth 2
 ---------------------------------------------------------------------------------
 (Depth) Function   	        Calls       Base Space   Used Autos Params    Refs
 ---------------------------------------------------------------------------------
 (3) _isr                                                  5     5      0       0
                                              0 COMMON     5     5      0
 ---------------------------------------------------------------------------------
 Estimated maximum stack depth 3
 ---------------------------------------------------------------------------------

 Call Graph Graphs:

 _main (ROOT)
   _Decimales
     ___awdiv
     ___awmod
   _Display
   _setup

 _isr (ROOT)

 Address spaces:
Name               Size   Autos  Total    Cost      Usage
BITCOMMON            E      0       0       0        0.0%
EEDATA             100      0       0       0        0.0%
NULL                 0      0       0       0        0.0%
CODE                 0      0       0       0        0.0%
COMMON               E      5       9       1       64.3%
BITSFR0              0      0       0       1        0.0%
SFR0                 0      0       0       1        0.0%
BITSFR1              0      0       0       2        0.0%
SFR1                 0      0       0       2        0.0%
STACK                0      0       0       2        0.0%
ABS                  0      0      19       3        0.0%
BITBANK0            50      0       0       4        0.0%
BITSFR3              0      0       0       4        0.0%
SFR3                 0      0       0       4        0.0%
BANK0               50     10      10       5       20.0%
BITSFR2              0      0       0       5        0.0%
SFR2                 0      0       0       5        0.0%
BITBANK1            50      0       0       6        0.0%
BANK1               50      0       0       7        0.0%
BITBANK3            60      0       0       8        0.0%
BANK3               60      0       0       9        0.0%
BITBANK2            60      0       0      10        0.0%
BANK2               60      0       0      11        0.0%
DATA                 0      0      19      12        0.0%


Microchip Technology PIC Macro Assembler V2.31 build 20201012212115 
Symbol Table                                                                                   Sat Apr 17 21:40:51 2021

                     l73 00E0                       l84 0238                       l87 0182  
           ___awdiv@sign 0026                      l102 020E                      l341 007D  
                    l354 00D8                      l800 022D                      l810 0236  
                    l802 022E                      l812 0237                      l804 022F  
                    l806 0230                      l808 0235                      l780 0218  
                    l790 0220                      l782 021A                      l792 0225  
                    l784 021B                      l776 020F                      l794 0226  
                    l786 021C                      l778 0215                      l796 0227  
                    l788 021F                      l798 022C                      _RB0 0030  
                    _RB1 0031                      u510 006F                      u430 001C  
                    u511 006E                      u431 001B                      u520 0074  
                    u440 0027                      u600 00CA                      u521 0073  
                    u505 0063                      u441 0026                      u601 00C9  
                    u450 0038                      u610 00CF                      u530 0085  
                    u451 0037                      u611 00CE                      u531 0084  
                    u540 0090                      u541 008F                      u470 004A  
                    u550 009B                      u471 0049                      u551 009A  
                    u465 003C                      u490 005B                      u570 00AD  
                    u491 005A                      u571 00AC                      u580 00B7  
                    u485 004B                      u581 00B6                      u565 009F  
                    u495 0057                      u585 00B3                      u595 00BE  
                    _isr 0183                      fsr0 0004             ___awmod@sign 0026  
                   l1200 0061                     l1210 0079                     l1202 0062  
                   l1204 0069                     l1220 008A                     l1300 0106  
                   l1206 006F                     l1230 009E                     l1222 008C  
                   l1214 007E                     l1302 0107                     l1208 0074  
                   l1240 00BD                     l1232 00A5                     l1224 0090  
                   l1216 0081                     l1304 0109                     l1170 0015  
                   l1242 00C4                     l1234 00A9                     l1226 0095  
                   l1218 0085                     l1180 0027                     l1172 0018  
                   l1236 00AD                     l1228 009B                     l1244 00CA  
                   l1252 012E                     l1260 01D2                     l1308 0116  
                   l1190 003B                     l1182 002C                     l1174 001C  
                   l1246 00CF                     l1238 00B7                     l1270 01E1  
                   l1262 01D5                     l1254 01CB                     l1192 0042  
                   l1184 0030                     l1176 0021                     l1248 00D4  
                   l1264 01D8                     l1256 01CC                     l1194 0046  
                   l1186 0032                     l1178 0023                     l1274 01E4  
                   l1266 01DB                     l1258 01CF                     l1290 00E7  
                   l1196 004A                     l1188 0038                     l1268 01DE  
                   l1292 00E9                     l1284 00D9                     l1198 005B  
                   l1278 01E7                     l1374 0120                     l1294 00F6  
                   l1286 00DE                     l1376 01EE                     l1296 00F7  
                   l1288 00E6                     l1298 00F9                     ?_isr 0070  
                   _T0IF 005A                     _IOCB 0096                     _RBIF 0058  
                   i1l62 01A8                     i1l64 0192                     i1l68 01C2  
                   _TMR0 0001                     _WPUB 0095                     _main 00D9  
                   btemp 007E                     start 000E          __end_of_Display 020F  
                  ??_isr 0070                    ?_main 0070          __end_of___awdiv 007E  
        __end_of___awmod 00D9                    _ANSEL 0188          ___awdiv@divisor 0020  
                  i1l850 0188                    i1l852 018D                    i1l860 01AD  
                  i1l870 01C1                    i1l862 01B1                    i1l846 0183  
                  i1l864 01B7                    i1l856 0195                    i1l866 01BB  
                  i1l858 01A9                    i1l868 01BF          ___awdiv@counter 0025  
                  u20_20 0187                    u20_21 0186                    u21_20 01B1  
                  u21_21 01B0                    u22_20 01B7                    u22_21 01B6  
                  u23_20 01BF                    u23_21 01BE                    _PORTB 0006  
                  _PORTC 0007                    _PORTD 0008                    _PORTE 0009  
                  _TRISB 0086                    _TRISC 0087                    _TRISD 0088  
                  _TRISE 0089                    _setup 020F                    _muxeo 0078  
                  pclath 000A                    status 0003                    wtemp0 007E  
        __initialization 0011             __end_of_main 012E       __size_of_Decimales 0055  
                 ??_main 002E        Decimales@Temporal 002C         ___awdiv@dividend 0022  
                 ?_setup 0070                   _ANSELH 0189                   i1l1378 019D  
              ??_Display 0075                   _Decena 0076                   _Unidad 0075  
              ??___awdiv 0024                ??___awmod 0024         ___awdiv@quotient 0027  
        ___awmod@divisor 0020          ___awmod@counter 0025                   saved_w 007E  
      __end_of_Decimales 0183  __end_of__initialization 0011           __pcstackCOMMON 0070  
          __end_of_setup 0239           _OPTION_REGbits 0081                  ??_setup 0075  
             __pnvCOMMON 0075               __pmaintext 00D9               __pintentry 0004  
                _Centena 0077                  _Display 01CB                  ___awdiv 0015  
                ___awmod 007E                  __ptext1 020F                  __ptext2 01CB  
                __ptext3 012E                  __ptext4 007E                  __ptext5 0015  
                __ptext6 0183             __size_of_isr 0048         ___awmod@dividend 0022  
   end_of_initialization 0011                _Decimales 012E      start_initialization 0011  
            __end_of_isr 01CB               ?_Decimales 0070                ___latbits 0002  
          __pcstackBANK0 0020                 ?_Display 0020                 ?___awdiv 0020  
               ?___awmod 0020           __size_of_setup 002A        interrupt_function 0004  
            ??_Decimales 0029         __size_of_Display 0044         __size_of___awdiv 0069  
       __size_of___awmod 005B            __size_of_main 0055            Display@Numero 0020  
             _INTCONbits 000B                 intlevel1 0000               _OSCCONbits 008F  
